<?xml version="1.0" encoding="UTF-8"?>
<testsuite name="Iniciar sesion en facebook" tests="1" skipped="1" failures="0" errors="0" timestamp="2020-06-22T21:04:53" hostname="athadl28623" time="60272.511">
  <properties/>
  <testcase name="Inicio de sesion con credenciales erradas" classname="Iniciar sesion en facebook" time="60272.511">
    <skipped/>
  </testcase>
  <system-out><![CDATA[?[32m.?[0m]]></system-out>
  <system-err><![CDATA[jun 22, 2020 4:05:06 PM org.openqa.selenium.remote.DesiredCapabilities chrome
INFORMACIÓN: Using `new ChromeOptions()` is preferred to `DesiredCapabilities.chrome()`
Starting ChromeDriver 83.0.4103.39 (ccbf011cb2d2b19b506d844400483861342c20cd-refs/branch-heads/4103@{#416}) on port 31355
Only local connections are allowed.
Please see https://chromedriver.chromium.org/security-considerations for suggestions on keeping ChromeDriver safe.
ChromeDriver was started successfully.
jun 22, 2020 4:05:10 PM org.openqa.selenium.remote.ProtocolHandshake createSession
INFORMACIÓN: Detected dialect: W3C
]]></system-err>
</testsuite>
